This file contains any messages produced by compilers while
running configure, to aid debugging if configure makes a mistake.

It was created by wavedump configure 3.7.2, which was
generated by GNU Autoconf 2.71.  Invocation command line was

  $ ./configure

## --------- ##
## Platform. ##
## --------- ##

hostname = kronos
uname -m = x86_64
uname -r = 6.11.0-19-generic
uname -s = Linux
uname -v = #19~24.04.1-Ubuntu SMP PREEMPT_DYNAMIC Mon Feb 17 11:51:52 UTC 2

/usr/bin/uname -p = x86_64
/bin/uname -X     = unknown

/bin/arch              = x86_64
/usr/bin/arch -k       = unknown
/usr/convex/getsysinfo = unknown
/usr/bin/hostinfo      = unknown
/bin/machine           = unknown
/usr/bin/oslevel       = unknown
/bin/universe          = unknown

PATH: /home/kronos/Applications/root/root-install/bin/
PATH: /home/kronos/.local/bin/
PATH: /usr/local/sbin/
PATH: /usr/local/bin/
PATH: /usr/sbin/
PATH: /usr/bin/
PATH: /sbin/
PATH: /bin/
PATH: /usr/games/
PATH: /usr/local/games/
PATH: /snap/bin/
PATH: /snap/bin/


## ----------- ##
## Core tests. ##
## ----------- ##

configure:2382: looking for aux files: config.guess config.sub missing install-sh
configure:2395:  trying ./src/
configure:2424:   ./src/config.guess found
configure:2424:   ./src/config.sub found
configure:2424:   ./src/missing found
configure:2406:   ./src/install-sh found
configure:2554: checking for a BSD-compatible install
configure:2627: result: /usr/bin/install -c
configure:2638: checking whether build environment is sane
configure:2693: result: yes
configure:2856: checking for a race-free mkdir -p
configure:2900: result: /usr/bin/mkdir -p
configure:2907: checking for gawk
configure:2942: result: no
configure:2907: checking for mawk
configure:2928: found /usr/bin/mawk
configure:2939: result: mawk
configure:2950: checking whether make sets $(MAKE)
configure:2973: result: yes
configure:3003: checking whether make supports nested variables
configure:3021: result: yes
configure:3163: checking for gcc
configure:3184: found /usr/bin/gcc
configure:3195: result: gcc
configure:3548: checking for C compiler version
configure:3557: gcc --version >&5
gcc (Ubuntu 13.3.0-6ubuntu2~24.04) 13.3.0
Copyright (C) 2023 Free Software Foundation, Inc.
This is free software; see the source for copying conditions.  There is NO
warranty; not even for MERCHANTABILITY or FITNESS FOR A PARTICULAR PURPOSE.

configure:3568: $? = 0
configure:3557: gcc -v >&5
Using built-in specs.
COLLECT_GCC=gcc
COLLECT_LTO_WRAPPER=/usr/libexec/gcc/x86_64-linux-gnu/13/lto-wrapper
OFFLOAD_TARGET_NAMES=nvptx-none:amdgcn-amdhsa
OFFLOAD_TARGET_DEFAULT=1
Target: x86_64-linux-gnu
Configured with: ../src/configure -v --with-pkgversion='Ubuntu 13.3.0-6ubuntu2~24.04' --with-bugurl=file:///usr/share/doc/gcc-13/README.Bugs --enable-languages=c,ada,c++,go,d,fortran,objc,obj-c++,m2 --prefix=/usr --with-gcc-major-version-only --program-suffix=-13 --program-prefix=x86_64-linux-gnu- --enable-shared --enable-linker-build-id --libexecdir=/usr/libexec --without-included-gettext --enable-threads=posix --libdir=/usr/lib --enable-nls --enable-bootstrap --enable-clocale=gnu --enable-libstdcxx-debug --enable-libstdcxx-time=yes --with-default-libstdcxx-abi=new --enable-libstdcxx-backtrace --enable-gnu-unique-object --disable-vtable-verify --enable-plugin --enable-default-pie --with-system-zlib --enable-libphobos-checking=release --with-target-system-zlib=auto --enable-objc-gc=auto --enable-multiarch --disable-werror --enable-cet --with-arch-32=i686 --with-abi=m64 --with-multilib-list=m32,m64,mx32 --enable-multilib --with-tune=generic --enable-offload-targets=nvptx-none=/build/gcc-13-fG75Ri/gcc-13-13.3.0/debian/tmp-nvptx/usr,amdgcn-amdhsa=/build/gcc-13-fG75Ri/gcc-13-13.3.0/debian/tmp-gcn/usr --enable-offload-defaulted --without-cuda-driver --enable-checking=release --build=x86_64-linux-gnu --host=x86_64-linux-gnu --target=x86_64-linux-gnu --with-build-config=bootstrap-lto-lean --enable-link-serialization=2
Thread model: posix
Supported LTO compression algorithms: zlib zstd
gcc version 13.3.0 (Ubuntu 13.3.0-6ubuntu2~24.04) 
... rest of stderr output deleted ...
configure:3568: $? = 0
configure:3557: gcc -V >&5
gcc: error: unrecognized command-line option '-V'
gcc: fatal error: no input files
compilation terminated.
configure:3568: $? = 1
configure:3557: gcc -qversion >&5
gcc: error: unrecognized command-line option '-qversion'; did you mean '--version'?
gcc: fatal error: no input files
compilation terminated.
configure:3568: $? = 1
configure:3557: gcc -version >&5
gcc: error: unrecognized command-line option '-version'
gcc: fatal error: no input files
compilation terminated.
configure:3568: $? = 1
configure:3588: checking whether the C compiler works
configure:3610: gcc    conftest.c  >&5
configure:3614: $? = 0
configure:3664: result: yes
configure:3667: checking for C compiler default output file name
configure:3669: result: a.out
configure:3675: checking for suffix of executables
configure:3682: gcc -o conftest    conftest.c  >&5
configure:3686: $? = 0
configure:3709: result: 
configure:3731: checking whether we are cross compiling
configure:3739: gcc -o conftest    conftest.c  >&5
configure:3743: $? = 0
configure:3750: ./conftest
configure:3754: $? = 0
configure:3769: result: no
configure:3774: checking for suffix of object files
configure:3797: gcc -c   conftest.c >&5
configure:3801: $? = 0
configure:3823: result: o
configure:3827: checking whether the compiler supports GNU C
configure:3847: gcc -c   conftest.c >&5
configure:3847: $? = 0
configure:3857: result: yes
configure:3868: checking whether gcc accepts -g
configure:3889: gcc -c -g  conftest.c >&5
configure:3889: $? = 0
configure:3933: result: yes
configure:3953: checking for gcc option to enable C11 features
configure:3968: gcc  -c -g -O2  conftest.c >&5
configure:3968: $? = 0
configure:3986: result: none needed
configure:4107: checking for style of include used by make
configure:4135: result: GNU
configure:4162: checking dependency style of gcc
configure:4274: result: gcc3
configure:4299: checking for stdio.h
configure:4299: gcc -c -g -O2  conftest.c >&5
configure:4299: $? = 0
configure:4299: result: yes
configure:4299: checking for stdlib.h
configure:4299: gcc -c -g -O2  conftest.c >&5
configure:4299: $? = 0
configure:4299: result: yes
configure:4299: checking for string.h
configure:4299: gcc -c -g -O2  conftest.c >&5
configure:4299: $? = 0
configure:4299: result: yes
configure:4299: checking for inttypes.h
configure:4299: gcc -c -g -O2  conftest.c >&5
configure:4299: $? = 0
configure:4299: result: yes
configure:4299: checking for stdint.h
configure:4299: gcc -c -g -O2  conftest.c >&5
configure:4299: $? = 0
configure:4299: result: yes
configure:4299: checking for strings.h
configure:4299: gcc -c -g -O2  conftest.c >&5
configure:4299: $? = 0
configure:4299: result: yes
configure:4299: checking for sys/stat.h
configure:4299: gcc -c -g -O2  conftest.c >&5
configure:4299: $? = 0
configure:4299: result: yes
configure:4299: checking for sys/types.h
configure:4299: gcc -c -g -O2  conftest.c >&5
configure:4299: $? = 0
configure:4299: result: yes
configure:4299: checking for unistd.h
configure:4299: gcc -c -g -O2  conftest.c >&5
configure:4299: $? = 0
configure:4299: result: yes
configure:4299: checking for sys/time.h
configure:4299: gcc -c -g -O2  conftest.c >&5
configure:4299: $? = 0
configure:4299: result: yes
configure:4299: checking for sys/select.h
configure:4299: gcc -c -g -O2  conftest.c >&5
configure:4299: $? = 0
configure:4299: result: yes
configure:4299: checking for sys/socket.h
configure:4299: gcc -c -g -O2  conftest.c >&5
configure:4299: $? = 0
configure:4299: result: yes
configure:4324: checking for CAENDigitizer.h
configure:4324: gcc -c -g -O2  conftest.c >&5
configure:4324: $? = 0
configure:4324: result: yes
configure:4332: checking for CAENDigitizerType.h
configure:4332: gcc -c -g -O2  conftest.c >&5
configure:4332: $? = 0
configure:4332: result: yes
configure:4340: checking for CAEN_DGTZ_ReadTemperature in -lCAENDigitizer
configure:4363: gcc -o conftest -g -O2   conftest.c -lCAENDigitizer   >&5
configure:4363: $? = 0
configure:4373: result: yes
configure:4387: checking how to run the C preprocessor
configure:4413: gcc -E  conftest.c
configure:4413: $? = 0
configure:4428: gcc -E  conftest.c
conftest.c:25:10: fatal error: ac_nonexistent.h: No such file or directory
   25 | #include <ac_nonexistent.h>
      |          ^~~~~~~~~~~~~~~~~~
compilation terminated.
configure:4428: $? = 1
configure: failed program was:
| /* confdefs.h */
| #define PACKAGE_NAME "wavedump"
| #define PACKAGE_TARNAME "wavedump"
| #define PACKAGE_VERSION "3.7.2"
| #define PACKAGE_STRING "wavedump 3.7.2"
| #define PACKAGE_BUGREPORT "support.computing@caen.it"
| #define PACKAGE_URL ""
| #define PACKAGE "wavedump"
| #define VERSION "3.7.2"
| #define LINUX 1
| #define HAVE_STDIO_H 1
| #define HAVE_STDLIB_H 1
| #define HAVE_STRING_H 1
| #define HAVE_INTTYPES_H 1
| #define HAVE_STDINT_H 1
| #define HAVE_STRINGS_H 1
| #define HAVE_SYS_STAT_H 1
| #define HAVE_SYS_TYPES_H 1
| #define HAVE_UNISTD_H 1
| #define HAVE_SYS_TIME_H 1
| #define HAVE_SYS_SELECT_H 1
| #define HAVE_SYS_SOCKET_H 1
| #define STDC_HEADERS 1
| /* end confdefs.h.  */
| #include <ac_nonexistent.h>
configure:4455: result: gcc -E
configure:4469: gcc -E  conftest.c
configure:4469: $? = 0
configure:4484: gcc -E  conftest.c
conftest.c:25:10: fatal error: ac_nonexistent.h: No such file or directory
   25 | #include <ac_nonexistent.h>
      |          ^~~~~~~~~~~~~~~~~~
compilation terminated.
configure:4484: $? = 1
configure: failed program was:
| /* confdefs.h */
| #define PACKAGE_NAME "wavedump"
| #define PACKAGE_TARNAME "wavedump"
| #define PACKAGE_VERSION "3.7.2"
| #define PACKAGE_STRING "wavedump 3.7.2"
| #define PACKAGE_BUGREPORT "support.computing@caen.it"
| #define PACKAGE_URL ""
| #define PACKAGE "wavedump"
| #define VERSION "3.7.2"
| #define LINUX 1
| #define HAVE_STDIO_H 1
| #define HAVE_STDLIB_H 1
| #define HAVE_STRING_H 1
| #define HAVE_INTTYPES_H 1
| #define HAVE_STDINT_H 1
| #define HAVE_STRINGS_H 1
| #define HAVE_SYS_STAT_H 1
| #define HAVE_SYS_TYPES_H 1
| #define HAVE_UNISTD_H 1
| #define HAVE_SYS_TIME_H 1
| #define HAVE_SYS_SELECT_H 1
| #define HAVE_SYS_SOCKET_H 1
| #define STDC_HEADERS 1
| /* end confdefs.h.  */
| #include <ac_nonexistent.h>
configure:4515: checking for grep that handles long lines and -e
configure:4579: result: /usr/bin/grep
configure:4584: checking for egrep
configure:4652: result: /usr/bin/grep -E
configure:4657: checking for CAEN_DGTZ_DRS4_750MHz in CAENDigitizerType.h
configure:4685: result: CAENDigitizerType.h
configure:4703: checking for gnuplot
configure:4724: found /usr/bin/gnuplot
configure:4736: result: ok
configure:4755: WARNING: 
configure:4761: checking for egrep
configure:4829: result: /usr/bin/grep -E
configure:4835: checking for malloc.h
configure:4835: gcc -c -g -O2  conftest.c >&5
configure:4835: $? = 0
configure:4835: result: yes
configure:4841: checking for stdint.h
configure:4841: result: yes
configure:4847: checking for stdlib.h
configure:4847: result: yes
configure:4853: checking for string.h
configure:4853: result: yes
configure:4859: checking for sys/time.h
configure:4859: result: yes
configure:4865: checking for sys/timeb.h
configure:4865: gcc -c -g -O2  conftest.c >&5
configure:4865: $? = 0
configure:4865: result: yes
configure:4871: checking for termios.h
configure:4871: gcc -c -g -O2  conftest.c >&5
configure:4871: $? = 0
configure:4871: result: yes
configure:4877: checking for unistd.h
configure:4877: result: yes
configure:4886: checking for an ANSI C-conforming const
configure:4953: gcc -c -g -O2  conftest.c >&5
configure:4953: $? = 0
configure:4961: result: yes
configure:4987: checking build system type
configure:5002: result: x86_64-unknown-linux-gnu
configure:5022: checking host system type
configure:5036: result: x86_64-unknown-linux-gnu
configure:5056: checking for GNU libc compatible malloc
configure:5088: gcc -o conftest -g -O2   conftest.c  >&5
configure:5088: $? = 0
configure:5088: ./conftest
configure:5088: $? = 0
configure:5099: result: yes
configure:5124: checking types of arguments for select
configure:5154: gcc -c -g -O2  conftest.c >&5
configure:5154: $? = 0
configure:5164: result: int,fd_set *,struct timeval *
configure:5181: checking for atexit
configure:5181: gcc -o conftest -g -O2   conftest.c  >&5
configure:5181: $? = 0
configure:5181: result: yes
configure:5187: checking for gettimeofday
configure:5187: gcc -o conftest -g -O2   conftest.c  >&5
configure:5187: $? = 0
configure:5187: result: yes
configure:5193: checking for memset
configure:5193: gcc -o conftest -g -O2   conftest.c  >&5
conftest.c:56:6: warning: conflicting types for built-in function 'memset'; expected 'void *(void *, int,  long unsigned int)' [-Wbuiltin-declaration-mismatch]
   56 | char memset ();
      |      ^~~~~~
conftest.c:48:1: note: 'memset' is declared in header '<string.h>'
   47 | #include <limits.h>
   48 | #undef memset
configure:5193: $? = 0
configure:5193: result: yes
configure:5199: checking for pow
configure:5199: gcc -o conftest -g -O2   conftest.c  >&5
conftest.c:57:6: warning: conflicting types for built-in function 'pow'; expected 'double(double,  double)' [-Wbuiltin-declaration-mismatch]
   57 | char pow ();
      |      ^~~
conftest.c:49:1: note: 'pow' is declared in header '<math.h>'
   48 | #include <limits.h>
   49 | #undef pow
/usr/bin/ld: /tmp/cc8IVhXz.o: in function `main':
/home/kronos/kronos/digitizer/DIGITIZER_DAQ/conftest.c:68:(.text.startup+0xb): undefined reference to `pow'
collect2: error: ld returned 1 exit status
configure:5199: $? = 1
configure: failed program was:
| /* confdefs.h */
| #define PACKAGE_NAME "wavedump"
| #define PACKAGE_TARNAME "wavedump"
| #define PACKAGE_VERSION "3.7.2"
| #define PACKAGE_STRING "wavedump 3.7.2"
| #define PACKAGE_BUGREPORT "support.computing@caen.it"
| #define PACKAGE_URL ""
| #define PACKAGE "wavedump"
| #define VERSION "3.7.2"
| #define LINUX 1
| #define HAVE_STDIO_H 1
| #define HAVE_STDLIB_H 1
| #define HAVE_STRING_H 1
| #define HAVE_INTTYPES_H 1
| #define HAVE_STDINT_H 1
| #define HAVE_STRINGS_H 1
| #define HAVE_SYS_STAT_H 1
| #define HAVE_SYS_TYPES_H 1
| #define HAVE_UNISTD_H 1
| #define HAVE_SYS_TIME_H 1
| #define HAVE_SYS_SELECT_H 1
| #define HAVE_SYS_SOCKET_H 1
| #define STDC_HEADERS 1
| #define HAVE_MALLOC_H 1
| #define HAVE_STDINT_H 1
| #define HAVE_STDLIB_H 1
| #define HAVE_STRING_H 1
| #define HAVE_SYS_TIME_H 1
| #define HAVE_SYS_TIMEB_H 1
| #define HAVE_TERMIOS_H 1
| #define HAVE_UNISTD_H 1
| #define TIME_WITH_SYS_TIME 1
| #define HAVE_MALLOC 1
| #define SELECT_TYPE_ARG1 int
| #define SELECT_TYPE_ARG234 (fd_set *)
| #define SELECT_TYPE_ARG5 (struct timeval *)
| #define HAVE_ATEXIT 1
| #define HAVE_GETTIMEOFDAY 1
| #define HAVE_MEMSET 1
| /* end confdefs.h.  */
| /* Define pow to an innocuous variant, in case <limits.h> declares pow.
|    For example, HP-UX 11i <limits.h> declares gettimeofday.  */
| #define pow innocuous_pow
| 
| /* System header to define __stub macros and hopefully few prototypes,
|    which can conflict with char pow (); below.  */
| 
| #include <limits.h>
| #undef pow
| 
| /* Override any GCC internal prototype to avoid an error.
|    Use char because int might match the return type of a GCC
|    builtin and then its argument prototype would still apply.  */
| #ifdef __cplusplus
| extern "C"
| #endif
| char pow ();
| /* The GNU C library defines this for functions which it implements
|     to always fail with ENOSYS.  Some functions are actually named
|     something starting with __ and the normal name is an alias.  */
| #if defined __stub_pow || defined __stub___pow
| choke me
| #endif
| 
| int
| main (void)
| {
| return pow ();
|   ;
|   return 0;
| }
configure:5199: result: no
configure:5205: checking for select
configure:5205: gcc -o conftest -g -O2   conftest.c  >&5
configure:5205: $? = 0
configure:5205: result: yes
configure:5211: checking for strstr
configure:5211: gcc -o conftest -g -O2   conftest.c  >&5
conftest.c:58:6: warning: conflicting types for built-in function 'strstr'; expected 'char *(const char *, const char *)' [-Wbuiltin-declaration-mismatch]
   58 | char strstr ();
      |      ^~~~~~
conftest.c:50:1: note: 'strstr' is declared in header '<string.h>'
   49 | #include <limits.h>
   50 | #undef strstr
configure:5211: $? = 0
configure:5211: result: yes
configure:5222: checking for gnuplot
configure:5243: found /usr/bin/gnuplot
configure:5255: result: yes
configure:5403: checking that generated files are newer than configure
configure:5409: result: done
configure:5432: creating ./config.status

## ---------------------- ##
## Running config.status. ##
## ---------------------- ##

This file was extended by wavedump config.status 3.7.2, which was
generated by GNU Autoconf 2.71.  Invocation command line was

  CONFIG_FILES    = 
  CONFIG_HEADERS  = 
  CONFIG_LINKS    = 
  CONFIG_COMMANDS = 
  $ ./config.status 

on kronos

config.status:784: creating Makefile
config.status:784: creating src/Makefile
config.status:956: executing depfiles commands

## ---------------- ##
## Cache variables. ##
## ---------------- ##

ac_cv_build=x86_64-unknown-linux-gnu
ac_cv_c_compiler_gnu=yes
ac_cv_c_const=yes
ac_cv_env_CC_set=
ac_cv_env_CC_value=
ac_cv_env_CFLAGS_set=
ac_cv_env_CFLAGS_value=
ac_cv_env_CPPFLAGS_set=
ac_cv_env_CPPFLAGS_value=
ac_cv_env_CPP_set=
ac_cv_env_CPP_value=
ac_cv_env_LDFLAGS_set=
ac_cv_env_LDFLAGS_value=
ac_cv_env_LIBS_set=
ac_cv_env_LIBS_value=
ac_cv_env_build_alias_set=
ac_cv_env_build_alias_value=
ac_cv_env_host_alias_set=
ac_cv_env_host_alias_value=
ac_cv_env_target_alias_set=
ac_cv_env_target_alias_value=
ac_cv_func_atexit=yes
ac_cv_func_gettimeofday=yes
ac_cv_func_malloc_0_nonnull=yes
ac_cv_func_memset=yes
ac_cv_func_pow=no
ac_cv_func_select=yes
ac_cv_func_select_args='int,fd_set *,struct timeval *'
ac_cv_func_strstr=yes
ac_cv_header_CAENDigitizerType_h=yes
ac_cv_header_CAENDigitizer_h=yes
ac_cv_header_inttypes_h=yes
ac_cv_header_malloc_h=yes
ac_cv_header_stdint_h=yes
ac_cv_header_stdio_h=yes
ac_cv_header_stdlib_h=yes
ac_cv_header_string_h=yes
ac_cv_header_strings_h=yes
ac_cv_header_sys_select_h=yes
ac_cv_header_sys_socket_h=yes
ac_cv_header_sys_stat_h=yes
ac_cv_header_sys_time_h=yes
ac_cv_header_sys_timeb_h=yes
ac_cv_header_sys_types_h=yes
ac_cv_header_termios_h=yes
ac_cv_header_unistd_h=yes
ac_cv_host=x86_64-unknown-linux-gnu
ac_cv_lib_CAENDigitizer_CAEN_DGTZ_ReadTemperature=yes
ac_cv_objext=o
ac_cv_path_EGREP='/usr/bin/grep -E'
ac_cv_path_GREP=/usr/bin/grep
ac_cv_path_install='/usr/bin/install -c'
ac_cv_path_mkdir=/usr/bin/mkdir
ac_cv_prog_AWK=mawk
ac_cv_prog_CPP='gcc -E'
ac_cv_prog_GNUPLOT=ok
ac_cv_prog_HAVE_GNUPLOT=yes
ac_cv_prog_ac_ct_CC=gcc
ac_cv_prog_cc_c11=
ac_cv_prog_cc_g=yes
ac_cv_prog_cc_stdc=
ac_cv_prog_make_make_set=yes
am_cv_CC_dependencies_compiler_type=gcc3
am_cv_make_support_nested_variables=yes

## ----------------- ##
## Output variables. ##
## ----------------- ##

ACLOCAL='${SHELL} /home/kronos/kronos/digitizer/DIGITIZER_DAQ/src/missing aclocal-1.13'
AMDEPBACKSLASH='\'
AMDEP_FALSE='#'
AMDEP_TRUE=''
AMTAR='$${TAR-tar}'
AM_BACKSLASH='\'
AM_DEFAULT_V='$(AM_DEFAULT_VERBOSITY)'
AM_DEFAULT_VERBOSITY='1'
AM_V='$(V)'
AUTOCONF='${SHELL} /home/kronos/kronos/digitizer/DIGITIZER_DAQ/src/missing autoconf'
AUTOHEADER='${SHELL} /home/kronos/kronos/digitizer/DIGITIZER_DAQ/src/missing autoheader'
AUTOMAKE='${SHELL} /home/kronos/kronos/digitizer/DIGITIZER_DAQ/src/missing automake-1.13'
AWK='mawk'
CC='gcc'
CCDEPMODE='depmode=gcc3'
CFLAGS='-g -O2'
CPP='gcc -E'
CPPFLAGS=''
CYGPATH_W='echo'
DEFS='-DPACKAGE_NAME=\"wavedump\" -DPACKAGE_TARNAME=\"wavedump\" -DPACKAGE_VERSION=\"3.7.2\" -DPACKAGE_STRING=\"wavedump\ 3.7.2\" -DPACKAGE_BUGREPORT=\"support.computing@caen.it\" -DPACKAGE_URL=\"\" -DPACKAGE=\"wavedump\" -DVERSION=\"3.7.2\" -DLINUX=1 -DHAVE_STDIO_H=1 -DHAVE_STDLIB_H=1 -DHAVE_STRING_H=1 -DHAVE_INTTYPES_H=1 -DHAVE_STDINT_H=1 -DHAVE_STRINGS_H=1 -DHAVE_SYS_STAT_H=1 -DHAVE_SYS_TYPES_H=1 -DHAVE_UNISTD_H=1 -DHAVE_SYS_TIME_H=1 -DHAVE_SYS_SELECT_H=1 -DHAVE_SYS_SOCKET_H=1 -DSTDC_HEADERS=1 -DHAVE_MALLOC_H=1 -DHAVE_STDINT_H=1 -DHAVE_STDLIB_H=1 -DHAVE_STRING_H=1 -DHAVE_SYS_TIME_H=1 -DHAVE_SYS_TIMEB_H=1 -DHAVE_TERMIOS_H=1 -DHAVE_UNISTD_H=1 -DTIME_WITH_SYS_TIME=1 -DHAVE_MALLOC=1 -DSELECT_TYPE_ARG1=int -DSELECT_TYPE_ARG234=\(fd_set\ \*\) -DSELECT_TYPE_ARG5=\(struct\ timeval\ \*\) -DHAVE_ATEXIT=1 -DHAVE_GETTIMEOFDAY=1 -DHAVE_MEMSET=1 -DHAVE_SELECT=1 -DHAVE_STRSTR=1'
DEPDIR='.deps'
ECHO_C=''
ECHO_N='-n'
ECHO_T=''
EGREP='/usr/bin/grep -E'
EXEEXT=''
GNUPLOT='ok'
GREP='/usr/bin/grep'
HAVE_GNUPLOT='yes'
INSTALL_DATA='${INSTALL} -m 644'
INSTALL_PROGRAM='${INSTALL}'
INSTALL_SCRIPT='${INSTALL}'
INSTALL_STRIP_PROGRAM='$(install_sh) -c -s'
LDFLAGS=''
LIBOBJS=''
LIBS=''
LTLIBOBJS=''
MAKEINFO='${SHELL} /home/kronos/kronos/digitizer/DIGITIZER_DAQ/src/missing makeinfo'
MKDIR_P='/usr/bin/mkdir -p'
OBJEXT='o'
PACKAGE='wavedump'
PACKAGE_BUGREPORT='support.computing@caen.it'
PACKAGE_NAME='wavedump'
PACKAGE_STRING='wavedump 3.7.2'
PACKAGE_TARNAME='wavedump'
PACKAGE_URL=''
PACKAGE_VERSION='3.7.2'
PATH_SEPARATOR=':'
SET_MAKE=''
SHELL='/bin/bash'
STRIP=''
VERSION='3.7.2'
ac_ct_CC='gcc'
am__EXEEXT_FALSE=''
am__EXEEXT_TRUE='#'
am__fastdepCC_FALSE='#'
am__fastdepCC_TRUE=''
am__include='include'
am__isrc=''
am__leading_dot='.'
am__nodep='_no'
am__quote=''
am__tar='$${TAR-tar} chof - "$$tardir"'
am__untar='$${TAR-tar} xf -'
bindir='${exec_prefix}/bin'
build='x86_64-unknown-linux-gnu'
build_alias=''
build_cpu='x86_64'
build_os='linux-gnu'
build_vendor='unknown'
datadir='${datarootdir}'
datarootdir='${prefix}/share'
docdir='${datarootdir}/doc/${PACKAGE_TARNAME}'
dvidir='${docdir}'
exec_prefix='${prefix}'
host='x86_64-unknown-linux-gnu'
host_alias=''
host_cpu='x86_64'
host_os='linux-gnu'
host_vendor='unknown'
htmldir='${docdir}'
includedir='${prefix}/include'
infodir='${datarootdir}/info'
install_sh='${SHELL} /home/kronos/kronos/digitizer/DIGITIZER_DAQ/src/install-sh'
libdir='${exec_prefix}/lib'
libexecdir='${exec_prefix}/libexec'
localedir='${datarootdir}/locale'
localstatedir='${prefix}/var'
mandir='${datarootdir}/man'
mkdir_p='$(MKDIR_P)'
oldincludedir='/usr/include'
pdfdir='${docdir}'
prefix='/usr/local'
program_transform_name='s,x,x,'
psdir='${docdir}'
runstatedir='${localstatedir}/run'
sbindir='${exec_prefix}/sbin'
sharedstatedir='${prefix}/com'
sysconfdir='${prefix}/etc'
target_alias=''

## ----------- ##
## confdefs.h. ##
## ----------- ##

/* confdefs.h */
#define PACKAGE_NAME "wavedump"
#define PACKAGE_TARNAME "wavedump"
#define PACKAGE_VERSION "3.7.2"
#define PACKAGE_STRING "wavedump 3.7.2"
#define PACKAGE_BUGREPORT "support.computing@caen.it"
#define PACKAGE_URL ""
#define PACKAGE "wavedump"
#define VERSION "3.7.2"
#define LINUX 1
#define HAVE_STDIO_H 1
#define HAVE_STDLIB_H 1
#define HAVE_STRING_H 1
#define HAVE_INTTYPES_H 1
#define HAVE_STDINT_H 1
#define HAVE_STRINGS_H 1
#define HAVE_SYS_STAT_H 1
#define HAVE_SYS_TYPES_H 1
#define HAVE_UNISTD_H 1
#define HAVE_SYS_TIME_H 1
#define HAVE_SYS_SELECT_H 1
#define HAVE_SYS_SOCKET_H 1
#define STDC_HEADERS 1
#define HAVE_MALLOC_H 1
#define HAVE_STDINT_H 1
#define HAVE_STDLIB_H 1
#define HAVE_STRING_H 1
#define HAVE_SYS_TIME_H 1
#define HAVE_SYS_TIMEB_H 1
#define HAVE_TERMIOS_H 1
#define HAVE_UNISTD_H 1
#define TIME_WITH_SYS_TIME 1
#define HAVE_MALLOC 1
#define SELECT_TYPE_ARG1 int
#define SELECT_TYPE_ARG234 (fd_set *)
#define SELECT_TYPE_ARG5 (struct timeval *)
#define HAVE_ATEXIT 1
#define HAVE_GETTIMEOFDAY 1
#define HAVE_MEMSET 1
#define HAVE_SELECT 1
#define HAVE_STRSTR 1

configure: exit 0
